<?xml version="1.0" encoding="UTF-8"?>
<testsuite xmlns:xsi="http://www.w3.org/2001/XMLSchema-instance" xsi:noNamespaceSchemaLocation="https://maven.apache.org/surefire/maven-surefire-plugin/xsd/surefire-test-report.xsd" name="FooServiceTests" time="0.053" tests="2" errors="0" skipped="0" failures="1">
  <properties>
[...]
</properties>
  <testcase name="testFooMethod" classname="FooServiceTests" time="0.005"/>
  <testcase name="testFooFooMethod" classname="FooServiceTests" time="0.008"/>
</testsuite>